Mezh. 26, 2023 5:04:06 G.M. de.gurkenlabs.litiengine.DefaultUncaughtExceptionHandler uncaughtException
SEVERE: Game crashed! :(
de.gurkenlabs.litiengine.resources.ResourceLoadException: de.gurkenlabs.litiengine.environment.tilemap.xml.TmxException
	at de.gurkenlabs.litiengine.resources.ResourcesContainer.loadResource(ResourcesContainer.java:395)
	at java.base/java.util.concurrent.ConcurrentHashMap.computeIfAbsent(ConcurrentHashMap.java:1708)
	at de.gurkenlabs.litiengine.resources.ResourcesContainer.get(ResourcesContainer.java:276)
	at de.gurkenlabs.litiengine.resources.ResourcesContainer.get(ResourcesContainer.java:209)
	at de.gurkenlabs.litiengine.environment.GameWorld.getEnvironment(GameWorld.java:319)
	at de.gurkenlabs.litiengine.environment.GameWorld.loadEnvironment(GameWorld.java:424)
	at Main.main(Main.java:9)
Caused by: de.gurkenlabs.litiengine.environment.tilemap.xml.TmxException
	at de.gurkenlabs.litiengine.resources.Maps.load(Maps.java:111)
	at de.gurkenlabs.litiengine.resources.Maps.load(Maps.java:32)
	at de.gurkenlabs.litiengine.resources.ResourcesContainer.loadResource(ResourcesContainer.java:393)
	... 6 more
Caused by: jakarta.xml.bind.UnmarshalException
 - with linked exception:
[java.io.FileNotFoundException: C:\Users\Caio\Desktop\Projeto-MC322\PROJETO-APPLE\maps	ela_branca.tmx (A sintaxe do nome do arquivo, do nome do diretório ou do rótulo do volume está incorreta)]
	at org.glassfish.jaxb.runtime.v2.runtime.unmarshaller.UnmarshallerImpl.unmarshal0(UnmarshallerImpl.java:221)
	at org.glassfish.jaxb.runtime.v2.runtime.unmarshaller.UnmarshallerImpl.unmarshal(UnmarshallerImpl.java:189)
	at jakarta.xml.bind.helpers.AbstractUnmarshallerImpl.unmarshal(AbstractUnmarshallerImpl.java:140)
	at jakarta.xml.bind.helpers.AbstractUnmarshallerImpl.unmarshal(AbstractUnmarshallerImpl.java:145)
	at jakarta.xml.bind.helpers.AbstractUnmarshallerImpl.unmarshal(AbstractUnmarshallerImpl.java:154)
	at de.gurkenlabs.litiengine.util.io.XmlUtilities.read(XmlUtilities.java:98)
	at de.gurkenlabs.litiengine.resources.Maps.load(Maps.java:109)
	... 8 more
Caused by: java.io.FileNotFoundException: C:\Users\Caio\Desktop\Projeto-MC322\PROJETO-APPLE\maps	ela_branca.tmx (A sintaxe do nome do arquivo, do nome do diretório ou do rótulo do volume está incorreta)
	at java.base/java.io.FileInputStream.open0(Native Method)
	at java.base/java.io.FileInputStream.open(FileInputStream.java:216)
	at java.base/java.io.FileInputStream.<init>(FileInputStream.java:157)
	at java.base/java.io.FileInputStream.<init>(FileInputStream.java:111)
	at java.base/sun.net.www.protocol.file.FileURLConnection.connect(FileURLConnection.java:86)
	at java.base/sun.net.www.protocol.file.FileURLConnection.getInputStream(FileURLConnection.java:189)
	at java.xml/com.sun.org.apache.xerces.internal.impl.XMLEntityManager.setupCurrentEntity(XMLEntityManager.java:653)
	at java.xml/com.sun.org.apache.xerces.internal.impl.XMLVersionDetector.determineDocVersion(XMLVersionDetector.java:150)
	at java.xml/com.sun.org.apache.xerces.internal.parsers.XML11Configuration.parse(XML11Configuration.java:861)
	at java.xml/com.sun.org.apache.xerces.internal.parsers.XML11Configuration.parse(XML11Configuration.java:825)
	at java.xml/com.sun.org.apache.xerces.internal.parsers.XMLParser.parse(XMLParser.java:141)
	at java.xml/com.sun.org.apache.xerces.internal.parsers.AbstractSAXParser.parse(AbstractSAXParser.java:1224)
	at java.xml/com.sun.org.apache.xerces.internal.jaxp.SAXParserImpl$JAXPSAXParser.parse(SAXParserImpl.java:637)
	at org.glassfish.jaxb.runtime.v2.runtime.unmarshaller.UnmarshallerImpl.unmarshal0(UnmarshallerImpl.java:218)
	... 14 more

Mezh. 26, 2023 5:05:17 G.M. de.gurkenlabs.litiengine.DefaultUncaughtExceptionHandler uncaughtException
SEVERE: Game crashed! :(
de.gurkenlabs.litiengine.resources.ResourceLoadException: de.gurkenlabs.litiengine.environment.tilemap.xml.TmxException
	at de.gurkenlabs.litiengine.resources.ResourcesContainer.loadResource(ResourcesContainer.java:395)
	at java.base/java.util.concurrent.ConcurrentHashMap.computeIfAbsent(ConcurrentHashMap.java:1708)
	at de.gurkenlabs.litiengine.resources.ResourcesContainer.get(ResourcesContainer.java:276)
	at de.gurkenlabs.litiengine.resources.ResourcesContainer.get(ResourcesContainer.java:209)
	at de.gurkenlabs.litiengine.environment.GameWorld.getEnvironment(GameWorld.java:319)
	at de.gurkenlabs.litiengine.environment.GameWorld.loadEnvironment(GameWorld.java:424)
	at Main.main(Main.java:9)
Caused by: de.gurkenlabs.litiengine.environment.tilemap.xml.TmxException
	at de.gurkenlabs.litiengine.resources.Maps.load(Maps.java:111)
	at de.gurkenlabs.litiengine.resources.Maps.load(Maps.java:32)
	at de.gurkenlabs.litiengine.resources.ResourcesContainer.loadResource(ResourcesContainer.java:393)
	... 6 more
Caused by: jakarta.xml.bind.UnmarshalException
 - with linked exception:
[org.xml.sax.SAXParseException; systemId: file:/C:/Users/Caio/Desktop/Projeto-MC322/PROJETO-APPLE/maps/tela_branca.tmx; lineNumber: 1; columnNumber: 1; Premature end of file.]
	at jakarta.xml.bind.helpers.AbstractUnmarshallerImpl.createUnmarshalException(AbstractUnmarshallerImpl.java:310)
	at org.glassfish.jaxb.runtime.v2.runtime.unmarshaller.UnmarshallerImpl.createUnmarshalException(UnmarshallerImpl.java:538)
	at org.glassfish.jaxb.runtime.v2.runtime.unmarshaller.UnmarshallerImpl.unmarshal0(UnmarshallerImpl.java:224)
	at org.glassfish.jaxb.runtime.v2.runtime.unmarshaller.UnmarshallerImpl.unmarshal(UnmarshallerImpl.java:189)
	at jakarta.xml.bind.helpers.AbstractUnmarshallerImpl.unmarshal(AbstractUnmarshallerImpl.java:140)
	at jakarta.xml.bind.helpers.AbstractUnmarshallerImpl.unmarshal(AbstractUnmarshallerImpl.java:145)
	at jakarta.xml.bind.helpers.AbstractUnmarshallerImpl.unmarshal(AbstractUnmarshallerImpl.java:154)
	at de.gurkenlabs.litiengine.util.io.XmlUtilities.read(XmlUtilities.java:98)
	at de.gurkenlabs.litiengine.resources.Maps.load(Maps.java:109)
	... 8 more
Caused by: org.xml.sax.SAXParseException; systemId: file:/C:/Users/Caio/Desktop/Projeto-MC322/PROJETO-APPLE/maps/tela_branca.tmx; lineNumber: 1; columnNumber: 1; Premature end of file.
	at java.xml/com.sun.org.apache.xerces.internal.util.ErrorHandlerWrapper.createSAXParseException(ErrorHandlerWrapper.java:204)
	at java.xml/com.sun.org.apache.xerces.internal.util.ErrorHandlerWrapper.fatalError(ErrorHandlerWrapper.java:178)
	at java.xml/com.sun.org.apache.xerces.internal.impl.XMLErrorReporter.reportError(XMLErrorReporter.java:400)
	at java.xml/com.sun.org.apache.xerces.internal.impl.XMLErrorReporter.reportError(XMLErrorReporter.java:327)
	at java.xml/com.sun.org.apache.xerces.internal.impl.XMLScanner.reportFatalError(XMLScanner.java:1465)
	at java.xml/com.sun.org.apache.xerces.internal.impl.XMLDocumentScannerImpl$PrologDriver.next(XMLDocumentScannerImpl.java:1013)
	at java.xml/com.sun.org.apache.xerces.internal.impl.XMLDocumentScannerImpl.next(XMLDocumentScannerImpl.java:605)
	at java.xml/com.sun.org.apache.xerces.internal.impl.XMLNSDocumentScannerImpl.next(XMLNSDocumentScannerImpl.java:112)
	at java.xml/com.sun.org.apache.xerces.internal.impl.XMLDocumentFragmentScannerImpl.scanDocument(XMLDocumentFragmentScannerImpl.java:542)
	at java.xml/com.sun.org.apache.xerces.internal.parsers.XML11Configuration.parse(XML11Configuration.java:889)
	at java.xml/com.sun.org.apache.xerces.internal.parsers.XML11Configuration.parse(XML11Configuration.java:825)
	at java.xml/com.sun.org.apache.xerces.internal.parsers.XMLParser.parse(XMLParser.java:141)
	at java.xml/com.sun.org.apache.xerces.internal.parsers.AbstractSAXParser.parse(AbstractSAXParser.java:1224)
	at java.xml/com.sun.org.apache.xerces.internal.jaxp.SAXParserImpl$JAXPSAXParser.parse(SAXParserImpl.java:637)
	at org.glassfish.jaxb.runtime.v2.runtime.unmarshaller.UnmarshallerImpl.unmarshal0(UnmarshallerImpl.java:218)
	... 14 more

Mezh. 26, 2023 10:13:19 G.M. de.gurkenlabs.litiengine.DefaultUncaughtExceptionHandler uncaughtException
SEVERE: Game crashed! :(
java.lang.NullPointerException: Cannot invoke "de.gurkenlabs.litiengine.graphics.ICamera.getFocus()" because the return value of "de.gurkenlabs.litiengine.environment.GameWorld.camera()" is null
	at de.gurkenlabs.litiengine.sound.SoundEngine.lambda$new$0(SoundEngine.java:49)
	at de.gurkenlabs.litiengine.sound.SoundEngine.update(SoundEngine.java:654)
	at de.gurkenlabs.litiengine.GameLoop.updateInvariableEngineComponents(GameLoop.java:126)
	at de.gurkenlabs.litiengine.GameLoop.process(GameLoop.java:84)
	at de.gurkenlabs.litiengine.UpdateLoop.run(UpdateLoop.java:57)

Mezh. 26, 2023 10:13:19 G.M. de.gurkenlabs.litiengine.DefaultUncaughtExceptionHandler uncaughtException
SEVERE: Game crashed! :(
java.lang.NullPointerException: Cannot invoke "de.gurkenlabs.litiengine.graphics.ICamera.getFocus()" because the return value of "de.gurkenlabs.litiengine.environment.GameWorld.camera()" is null
	at de.gurkenlabs.litiengine.sound.SoundEngine.start(SoundEngine.java:632)
	at de.gurkenlabs.litiengine.Game.start(Game.java:540)
	at Main.main(Main.java:13)

Mezh. 26, 2023 10:28:09 G.M. de.gurkenlabs.litiengine.DefaultUncaughtExceptionHandler uncaughtException
SEVERE: Game crashed! :(
java.lang.Error: Unresolved compilation problems: 
	The method getItems() is undefined for the type Menu
	The method getItems() is undefined for the type Menu
	The method getItems() is undefined for the type Menu
	Resources cannot be resolved

	at MeuMenu.initializeComponents(MeuMenu.java:15)
	at de.gurkenlabs.litiengine.gui.GuiComponent.<init>(GuiComponent.java:182)
	at de.gurkenlabs.litiengine.gui.GuiComponent.<init>(GuiComponent.java:113)
	at de.gurkenlabs.litiengine.gui.screens.Screen.<init>(Screen.java:14)
	at MeuMenu.<init>(MeuMenu.java:9)
	at Main.main(Main.java:14)

Mezh. 26, 2023 10:31:36 G.M. de.gurkenlabs.litiengine.DefaultUncaughtExceptionHandler uncaughtException
SEVERE: Game crashed! :(
java.lang.Error: Unresolved compilation problems: 
	The method addMenuItem(String, this::iniciarNovoJogo) is undefined for the type Menu
	The method addMenuItem(String, this::abrirOpcoes) is undefined for the type Menu
	The method addMenuItem(String, this::sairDoJogo) is undefined for the type Menu

	at MeuMenu.initializeComponents(MeuMenu.java:16)
	at de.gurkenlabs.litiengine.gui.GuiComponent.<init>(GuiComponent.java:182)
	at de.gurkenlabs.litiengine.gui.GuiComponent.<init>(GuiComponent.java:113)
	at de.gurkenlabs.litiengine.gui.screens.Screen.<init>(Screen.java:14)
	at MeuMenu.<init>(MeuMenu.java:10)
	at Main.main(Main.java:14)

